<?xml version="1.0" encoding="utf-8" standalone="no"?>
<!--This file represents the results of running a test suite-->
<test-results name="C:\Working\Open Source\Autofac\trunk\contrib\Build\Test\AutofacContrib.Tests.CommonServiceLocator.dll" total="31" errors="0" failures="0" not-run="0" inconclusive="0" ignored="0" skipped="0" invalid="0" date="2010-02-10" time="22:04:31">
  <environment nunit-version="2.5.3.9345" clr-version="4.0.30128.1" os-version="Microsoft Windows NT 6.1.7600.0" platform="Win32NT" cwd="C:\Working\Open Source\Autofac\trunk\contrib" machine-name="NBLUMHARDT-NOTE" user="Nicholas Blumhardt" user-domain="nblumhardt-note" />
  <culture-info current-culture="en-AU" current-uiculture="en-US" />
  <test-suite name="" executed="True" success="True" time="4.540" asserts="0">
    <results>
      <test-suite name="C:\Working\Open Source\Autofac\trunk\contrib\Build\Test\AutofacContrib.Tests.CommonServiceLocator.dll" executed="True" success="True" time="1.052" asserts="0">
        <results>
          <test-suite name="AutofacContrib" executed="True" success="True" time="1.038" asserts="0">
            <results>
              <test-suite name="Tests" executed="True" success="True" time="1.035" asserts="0">
                <results>
                  <test-suite name="CommonServiceLocator" executed="True" success="True" time="1.026" asserts="0">
                    <results>
                      <test-suite name="AutofacServiceLocatorTests" executed="True" success="True" time="1.022" asserts="0">
                        <results>
                          <test-case name="AutofacContrib.Tests.CommonServiceLocator.AutofacServiceLocatorTests.Constructor_Does_Not_Accept_Null" executed="True" success="True" time="0.414" asserts="0" />
                          <test-case name="AutofacContrib.Tests.CommonServiceLocator.AutofacServiceLocatorTests.ServiceLocatorTestCase.AskingForInvalidComponentShouldRaiseActivationException" executed="True" success="True" time="0.202" asserts="0" />
                          <test-case name="AutofacContrib.Tests.CommonServiceLocator.AutofacServiceLocatorTests.ServiceLocatorTestCase.GenericOverload_GetAllInstances" executed="True" success="True" time="0.223" asserts="1" />
                          <test-case name="AutofacContrib.Tests.CommonServiceLocator.AutofacServiceLocatorTests.ServiceLocatorTestCase.GenericOverload_GetInstance" executed="True" success="True" time="0.002" asserts="1" />
                          <test-case name="AutofacContrib.Tests.CommonServiceLocator.AutofacServiceLocatorTests.ServiceLocatorTestCase.GenericOverload_GetInstance_WithName" executed="True" success="True" time="0.006" asserts="1" />
                          <test-case name="AutofacContrib.Tests.CommonServiceLocator.AutofacServiceLocatorTests.ServiceLocatorTestCase.GetAllInstances" executed="True" success="True" time="0.003" asserts="1" />
                          <test-case name="AutofacContrib.Tests.CommonServiceLocator.AutofacServiceLocatorTests.ServiceLocatorTestCase.GetInstance" executed="True" success="True" time="0.005" asserts="1" />
                          <test-case name="AutofacContrib.Tests.CommonServiceLocator.AutofacServiceLocatorTests.ServiceLocatorTestCase.GetlAllInstance_ForUnknownType_ReturnEmptyEnumerable" executed="True" success="True" time="0.002" asserts="1" />
                          <test-case name="AutofacContrib.Tests.CommonServiceLocator.AutofacServiceLocatorTests.ServiceLocatorTestCase.GetNamedInstance" executed="True" success="True" time="0.003" asserts="1" />
                          <test-case name="AutofacContrib.Tests.CommonServiceLocator.AutofacServiceLocatorTests.ServiceLocatorTestCase.GetNamedInstance_WithZeroLenName" executed="True" success="True" time="0.103" asserts="0" />
                          <test-case name="AutofacContrib.Tests.CommonServiceLocator.AutofacServiceLocatorTests.ServiceLocatorTestCase.GetNamedInstance2" executed="True" success="True" time="0.001" asserts="1" />
                          <test-case name="AutofacContrib.Tests.CommonServiceLocator.AutofacServiceLocatorTests.ServiceLocatorTestCase.GetUnknownInstance2" executed="True" success="True" time="0.001" asserts="0" />
                          <test-case name="AutofacContrib.Tests.CommonServiceLocator.AutofacServiceLocatorTests.ServiceLocatorTestCase.Overload_GetInstance_NoName_And_NullName" executed="True" success="True" time="0.000" asserts="1" />
                        </results>
                      </test-suite>
                    </results>
                  </test-suite>
                </results>
              </test-suite>
            </results>
          </test-suite>
        </results>
      </test-suite>
      <test-suite name="C:\Working\Open Source\Autofac\trunk\contrib\Build\Test\AutofacContrib.Tests.Moq.dll" executed="True" success="True" time="1.306" asserts="0">
        <results>
          <test-suite name="AutofacContrib" executed="True" success="True" time="1.290" asserts="0">
            <results>
              <test-suite name="Tests" executed="True" success="True" time="1.287" asserts="0">
                <results>
                  <test-suite name="Moq" executed="True" success="True" time="1.284" asserts="0">
                    <results>
                      <test-suite name="AutoMockFixture" executed="True" success="True" time="1.280" asserts="0">
                        <results>
                          <test-case name="AutofacContrib.Tests.Moq.AutoMockFixture.DefaultConstructorIsLoose" executed="True" success="True" time="1.146" asserts="0" />
                          <test-case name="AutofacContrib.Tests.Moq.AutoMockFixture.DefaultConstructorWorksWithAllTests" executed="True" success="True" time="0.010" asserts="0" />
                          <test-case name="AutofacContrib.Tests.Moq.AutoMockFixture.LooseWorksWithUnmetSetupations" executed="True" success="True" time="0.002" asserts="0" />
                          <test-case name="AutofacContrib.Tests.Moq.AutoMockFixture.NormalSetupationsAreNotVerifiedByDefault" executed="True" success="True" time="0.002" asserts="0" />
                          <test-case name="AutofacContrib.Tests.Moq.AutoMockFixture.ProperInitializationIsPerformed" executed="True" success="True" time="0.017" asserts="4" />
                          <test-case name="AutofacContrib.Tests.Moq.AutoMockFixture.ProvideImplementation" executed="True" success="True" time="0.009" asserts="2" />
                          <test-case name="AutofacContrib.Tests.Moq.AutoMockFixture.ProvideInstance" executed="True" success="True" time="0.011" asserts="0" />
                          <test-case name="AutofacContrib.Tests.Moq.AutoMockFixture.StrictWorksWithAllSetupationsMet" executed="True" success="True" time="0.003" asserts="0" />
                          <test-case name="AutofacContrib.Tests.Moq.AutoMockFixture.UnmetSetupationWithStrictMocksThrowsException" executed="True" success="True" time="0.028" asserts="0" />
                          <test-case name="AutofacContrib.Tests.Moq.AutoMockFixture.UnmetVerifiableSetupationsCauseExceptionByDefault" executed="True" success="True" time="0.016" asserts="0" />
                          <test-case name="AutofacContrib.Tests.Moq.AutoMockFixture.VerifyAllSetTrue_SetupationsAreVerified" executed="True" success="True" time="0.003" asserts="0" />
                          <test-case name="AutofacContrib.Tests.Moq.AutoMockFixture.VerifyAllSetTrue_UnmetSetupationsCauseException" executed="True" success="True" time="0.004" asserts="0" />
                        </results>
                      </test-suite>
                    </results>
                  </test-suite>
                </results>
              </test-suite>
            </results>
          </test-suite>
        </results>
      </test-suite>
      <test-suite name="C:\Working\Open Source\Autofac\trunk\contrib\Build\Test\AutofacContrib.Tests.NMock2.dll" executed="True" success="True" time="0.396" asserts="0">
        <results>
          <test-suite name="AutofacContrib" executed="True" success="True" time="0.383" asserts="0">
            <results>
              <test-suite name="Tests" executed="True" success="True" time="0.382" asserts="0">
                <results>
                  <test-suite name="NMock2" executed="True" success="True" time="0.380" asserts="0">
                    <results>
                      <test-suite name="AutoMockFixture" executed="True" success="True" time="0.377" asserts="0">
                        <results>
                          <test-case name="AutofacContrib.Tests.NMock2.AutoMockFixture.DefaultConstructorIsUnordered" executed="True" success="True" time="0.308" asserts="0" />
                          <test-case name="AutofacContrib.Tests.NMock2.AutoMockFixture.OrderedThrowsExceptionOnReversedTest" executed="True" success="True" time="0.031" asserts="0" />
                          <test-case name="AutofacContrib.Tests.NMock2.AutoMockFixture.ProperInitializationIsPerformed" executed="True" success="True" time="0.017" asserts="6" />
                          <test-case name="AutofacContrib.Tests.NMock2.AutoMockFixture.UnorderedWorksWithReversedTest" executed="True" success="True" time="0.002" asserts="0" />
                        </results>
                      </test-suite>
                    </results>
                  </test-suite>
                </results>
              </test-suite>
            </results>
          </test-suite>
        </results>
      </test-suite>
      <test-suite name="C:\Working\Open Source\Autofac\trunk\contrib\Build\Test\AutofacContrib.Tests.Profiling.dll" executed="False">
        <reason>
          <message><![CDATA[Has no TestFixtures]]></message>
        </reason>
      </test-suite>
      <test-suite name="C:\Working\Open Source\Autofac\trunk\contrib\Build\Test\AutofacContrib.Tests.Startable.dll" executed="True" success="True" time="0.268" asserts="0">
        <results>
          <test-suite name="AutofacContrib" executed="True" success="True" time="0.256" asserts="0">
            <results>
              <test-suite name="Tests" executed="True" success="True" time="0.255" asserts="0">
                <results>
                  <test-suite name="Startable" executed="True" success="True" time="0.253" asserts="0">
                    <results>
                      <test-suite name="StartableModuleFixture" executed="True" success="True" time="0.252" asserts="0">
                        <results>
                          <test-case name="AutofacContrib.Tests.Startable.StartableModuleFixture.NewInstancesStarted" executed="True" success="True" time="0.213" asserts="2" />
                          <test-case name="AutofacContrib.Tests.Startable.StartableModuleFixture.StarterCreatesInstances" executed="True" success="True" time="0.022" asserts="1" />
                        </results>
                      </test-suite>
                    </results>
                  </test-suite>
                </results>
              </test-suite>
            </results>
          </test-suite>
        </results>
      </test-suite>
    </results>
  </test-suite>
</test-results>